# JRE version: Java(TM) SE Runtime Environment (8.0_73-b02) (build 1.8.0_73-b02)
# Java VM: Java HotSpot(TM) 64-Bit Server VM (25.73-b02 mixed mode windows-amd64 compressed oops)
Heap:
 PSYoungGen      total 111616K, used 21548K [0x000000076b300000, 0x0000000772d80000, 0x00000007c0000000)
  eden space 97792K, 13% used [0x000000076b300000,0x000000076c038ad0,0x0000000771280000)
  from space 13824K, 57% used [0x0000000772000000,0x00000007727d28a8,0x0000000772d80000)
  to   space 13824K, 0% used [0x0000000771280000,0x0000000771280000,0x0000000772000000)
 ParOldGen       total 77312K, used 13103K [0x00000006c1800000, 0x00000006c6380000, 0x000000076b300000)
  object space 77312K, 16% used [0x00000006c1800000,0x00000006c24cbc38,0x00000006c6380000)
 Metaspace       used 33130K, capacity 33802K, committed 34048K, reserved 1079296K
  class space    used 4377K, capacity 4591K, committed 4608K, reserved 1048576K
GC Heap History (10 events):
Event: 634.719 GC heap before
{Heap before GC invocations=7 (full 1):
 PSYoungGen      total 74752K, used 64000K [0x000000076b300000, 0x0000000770e80000, 0x00000007c0000000)
  eden space 64000K, 100% used [0x000000076b300000,0x000000076f180000,0x000000076f180000)
  from space 10752K, 0% used [0x000000076f300000,0x000000076f300000,0x000000076fd80000)
  to   space 14848K, 0% used [0x0000000770000000,0x0000000770000000,0x0000000770e80000)
 ParOldGen       total 77312K, used 11176K [0x00000006c1800000, 0x00000006c6380000, 0x000000076b300000)
  object space 77312K, 14% used [0x00000006c1800000,0x00000006c22ea250,0x00000006c6380000)
 Metaspace       used 24598K, capacity 25038K, committed 25216K, reserved 1071104K
  class space    used 3247K, capacity 3404K, committed 3456K, reserved 1048576K
Event: 634.722 GC heap after
Heap after GC invocations=7 (full 1):
 PSYoungGen      total 74752K, used 3773K [0x000000076b300000, 0x0000000770c00000, 0x00000007c0000000)
  eden space 62464K, 0% used [0x000000076b300000,0x000000076b300000,0x000000076f000000)
  from space 12288K, 30% used [0x0000000770000000,0x00000007703af638,0x0000000770c00000)
  to   space 14336K, 0% used [0x000000076f000000,0x000000076f000000,0x000000076fe00000)
 ParOldGen       total 77312K, used 11184K [0x00000006c1800000, 0x00000006c6380000, 0x000000076b300000)
  object space 77312K, 14% used [0x00000006c1800000,0x00000006c22ec250,0x00000006c6380000)
 Metaspace       used 24598K, capacity 25038K, committed 25216K, reserved 1071104K
  class space    used 3247K, capacity 3404K, committed 3456K, reserved 1048576K
}
Event: 634.843 GC heap before
{Heap before GC invocations=8 (full 1):
 PSYoungGen      total 74752K, used 66237K [0x000000076b300000, 0x0000000770c00000, 0x00000007c0000000)
  eden space 62464K, 100% used [0x000000076b300000,0x000000076f000000,0x000000076f000000)
  from space 12288K, 30% used [0x0000000770000000,0x00000007703af638,0x0000000770c00000)
  to   space 14336K, 0% used [0x000000076f000000,0x000000076f000000,0x000000076fe00000)
 ParOldGen       total 77312K, used 11184K [0x00000006c1800000, 0x00000006c6380000, 0x000000076b300000)
  object space 77312K, 14% used [0x00000006c1800000,0x00000006c22ec250,0x00000006c6380000)
 Metaspace       used 24639K, capacity 25102K, committed 25216K, reserved 1071104K
  class space    used 3247K, capacity 3404K, committed 3456K, reserved 1048576K
Event: 634.845 GC heap after
Heap after GC invocations=8 (full 1):
 PSYoungGen      total 62976K, used 1656K [0x000000076b300000, 0x0000000770a80000, 0x00000007c0000000)
  eden space 60928K, 0% used [0x000000076b300000,0x000000076b300000,0x000000076ee80000)
  from space 2048K, 80% used [0x000000076f000000,0x000000076f19e0f0,0x000000076f200000)
  to   space 14336K, 0% used [0x000000076fc80000,0x000000076fc80000,0x0000000770a80000)
 ParOldGen       total 77312K, used 11184K [0x00000006c1800000, 0x00000006c6380000, 0x000000076b300000)
  object space 77312K, 14% used [0x00000006c1800000,0x00000006c22ec250,0x00000006c6380000)
 Metaspace       used 24639K, capacity 25102K, committed 25216K, reserved 1071104K
  class space    used 3247K, capacity 3404K, committed 3456K, reserved 1048576K
}
Event: 634.958 GC heap before
{Heap before GC invocations=9 (full 1):
 PSYoungGen      total 62976K, used 62584K [0x000000076b300000, 0x0000000770a80000, 0x00000007c0000000)
  eden space 60928K, 100% used [0x000000076b300000,0x000000076ee80000,0x000000076ee80000)
  from space 2048K, 80% used [0x000000076f000000,0x000000076f19e0f0,0x000000076f200000)
  to   space 14336K, 0% used [0x000000076fc80000,0x000000076fc80000,0x0000000770a80000)
 ParOldGen       total 77312K, used 11184K [0x00000006c1800000, 0x00000006c6380000, 0x000000076b300000)
  object space 77312K, 14% used [0x00000006c1800000,0x00000006c22ec250,0x00000006c6380000)
 Metaspace       used 24640K, capacity 25102K, committed 25216K, reserved 1071104K
  class space    used 3247K, capacity 3404K, committed 3456K, reserved 1048576K
Event: 634.961 GC heap after
Heap after GC invocations=9 (full 1):
 PSYoungGen      total 75264K, used 1960K [0x000000076b300000, 0x0000000774600000, 0x00000007c0000000)
  eden space 60928K, 0% used [0x000000076b300000,0x000000076b300000,0x000000076ee80000)
  from space 14336K, 13% used [0x000000076fc80000,0x000000076fe6a100,0x0000000770a80000)
  to   space 14336K, 0% used [0x000000076ee80000,0x000000076ee80000,0x000000076fc80000)
 ParOldGen       total 77312K, used 11184K [0x00000006c1800000, 0x00000006c6380000, 0x000000076b300000)
  object space 77312K, 14% used [0x00000006c1800000,0x00000006c22ec250,0x00000006c6380000)
 Metaspace       used 24640K, capacity 25102K, committed 25216K, reserved 1071104K
  class space    used 3247K, capacity 3404K, committed 3456K, reserved 1048576K
}
Event: 635.636 GC heap before
{Heap before GC invocations=10 (full 1):
 PSYoungGen      total 75264K, used 62888K [0x000000076b300000, 0x0000000774600000, 0x00000007c0000000)
  eden space 60928K, 100% used [0x000000076b300000,0x000000076ee80000,0x000000076ee80000)
  from space 14336K, 13% used [0x000000076fc80000,0x000000076fe6a100,0x0000000770a80000)
  to   space 14336K, 0% used [0x000000076ee80000,0x000000076ee80000,0x000000076fc80000)
 ParOldGen       total 77312K, used 11184K [0x00000006c1800000, 0x00000006c6380000, 0x000000076b300000)
  object space 77312K, 14% used [0x00000006c1800000,0x00000006c22ec250,0x00000006c6380000)
 Metaspace       used 28077K, capacity 28704K, committed 28800K, reserved 1075200K
  class space    used 3730K, capacity 3930K, committed 3968K, reserved 1048576K
Event: 635.665 GC heap after
Heap after GC invocations=10 (full 1):
 PSYoungGen      total 75264K, used 6517K [0x000000076b300000, 0x0000000772d80000, 0x00000007c0000000)
  eden space 60928K, 0% used [0x000000076b300000,0x000000076b300000,0x000000076ee80000)
  from space 14336K, 45% used [0x000000076ee80000,0x000000076f4dd5a0,0x000000076fc80000)
  to   space 13824K, 0% used [0x0000000772000000,0x0000000772000000,0x0000000772d80000)
 ParOldGen       total 77312K, used 12471K [0x00000006c1800000, 0x00000006c6380000, 0x000000076b300000)
  object space 77312K, 16% used [0x00000006c1800000,0x00000006c242dc08,0x00000006c6380000)
 Metaspace       used 28077K, capacity 28704K, committed 28800K, reserved 1075200K
  class space    used 3730K, capacity 3930K, committed 3968K, reserved 1048576K
}
Event: 643.544 GC heap before
{Heap before GC invocations=11 (full 1):
 PSYoungGen      total 75264K, used 67445K [0x000000076b300000, 0x0000000772d80000, 0x00000007c0000000)
  eden space 60928K, 100% used [0x000000076b300000,0x000000076ee80000,0x000000076ee80000)
  from space 14336K, 45% used [0x000000076ee80000,0x000000076f4dd5a0,0x000000076fc80000)
  to   space 13824K, 0% used [0x0000000772000000,0x0000000772000000,0x0000000772d80000)
 ParOldGen       total 77312K, used 12471K [0x00000006c1800000, 0x00000006c6380000, 0x000000076b300000)
  object space 77312K, 16% used [0x00000006c1800000,0x00000006c242dc08,0x00000006c6380000)
 Metaspace       used 32984K, capacity 33610K, committed 33792K, reserved 1079296K
  class space    used 4377K, capacity 4591K, committed 4608K, reserved 1048576K
Event: 643.558 GC heap after
Heap after GC invocations=11 (full 1):
 PSYoungGen      total 111616K, used 8010K [0x000000076b300000, 0x0000000772d80000, 0x00000007c0000000)
  eden space 97792K, 0% used [0x000000076b300000,0x000000076b300000,0x0000000771280000)
  from space 13824K, 57% used [0x0000000772000000,0x00000007727d28a8,0x0000000772d80000)
  to   space 13824K, 0% used [0x0000000771280000,0x0000000771280000,0x0000000772000000)
 ParOldGen       total 77312K, used 13103K [0x00000006c1800000, 0x00000006c6380000, 0x000000076b300000)
  object space 77312K, 16% used [0x00000006c1800000,0x00000006c24cbc38,0x00000006c6380000)
 Metaspace       used 32984K, capacity 33610K, committed 33792K, reserved 1079296K
  class space    used 4377K, capacity 4591K, committed 4608K, reserved 1048576K
}

